0 info it worked if it ends with ok
1 verbose cli [ '/usr/local/bin/node',
1 verbose cli   '/usr/local/bin/npm',
1 verbose cli   'run',
1 verbose cli   'gauss-sim' ]
2 info using npm@4.0.5
3 info using node@v7.4.0
4 verbose run-script [ 'pregauss-sim', 'gauss-sim', 'postgauss-sim' ]
5 info lifecycle express-solidity@1.0.0~pregauss-sim: express-solidity@1.0.0
6 silly lifecycle express-solidity@1.0.0~pregauss-sim: no script for pregauss-sim, continuing
7 info lifecycle express-solidity@1.0.0~gauss-sim: express-solidity@1.0.0
8 verbose lifecycle express-solidity@1.0.0~gauss-sim: unsafe-perm in lifecycle true
9 verbose lifecycle express-solidity@1.0.0~gauss-sim: PATH: /usr/local/lib/node_modules/npm/bin/node-gyp-bin:/Users/seanpollock/Documents/ConsenSys/proto-1/server/node_modules/.bin:/Users/seanpollock/Documents/ConsenSys/go-ethereum/buid/bin:/Users/seanpollock/Documents/ConsenSys/go-ethereum/buid/bin:/usr/local/mysql/bin:/Library/Frameworks/Python.framework/Versions/3.3/bin:/usr/local/bin:/usr/bin:/bin:/usr/sbin:/sbin
10 verbose lifecycle express-solidity@1.0.0~gauss-sim: CWD: /Users/seanpollock/Documents/ConsenSys/proto-1/server
11 silly lifecycle express-solidity@1.0.0~gauss-sim: Args: [ '-c',
11 silly lifecycle   'babel-node gauss-sim/time_series_generator.js --presets es2015,stage-0' ]
12 silly lifecycle express-solidity@1.0.0~gauss-sim: Returned: code: 1  signal: null
13 info lifecycle express-solidity@1.0.0~gauss-sim: Failed to exec gauss-sim script
14 verbose stack Error: express-solidity@1.0.0 gauss-sim: `babel-node gauss-sim/time_series_generator.js --presets es2015,stage-0`
14 verbose stack Exit status 1
14 verbose stack     at EventEmitter.<anonymous> (/usr/local/lib/node_modules/npm/lib/utils/lifecycle.js:279:16)
14 verbose stack     at emitTwo (events.js:106:13)
14 verbose stack     at EventEmitter.emit (events.js:191:7)
14 verbose stack     at ChildProcess.<anonymous> (/usr/local/lib/node_modules/npm/lib/utils/spawn.js:40:14)
14 verbose stack     at emitTwo (events.js:106:13)
14 verbose stack     at ChildProcess.emit (events.js:191:7)
14 verbose stack     at maybeClose (internal/child_process.js:885:16)
14 verbose stack     at Process.ChildProcess._handle.onexit (internal/child_process.js:226:5)
15 verbose pkgid express-solidity@1.0.0
16 verbose cwd /Users/seanpollock/Documents/ConsenSys/proto-1/server
17 error Darwin 16.1.0
18 error argv "/usr/local/bin/node" "/usr/local/bin/npm" "run" "gauss-sim"
19 error node v7.4.0
20 error npm  v4.0.5
21 error code ELIFECYCLE
22 error express-solidity@1.0.0 gauss-sim: `babel-node gauss-sim/time_series_generator.js --presets es2015,stage-0`
22 error Exit status 1
23 error Failed at the express-solidity@1.0.0 gauss-sim script 'babel-node gauss-sim/time_series_generator.js --presets es2015,stage-0'.
23 error Make sure you have the latest version of node.js and npm installed.
23 error If you do, this is most likely a problem with the express-solidity package,
23 error not with npm itself.
23 error Tell the author that this fails on your system:
23 error     babel-node gauss-sim/time_series_generator.js --presets es2015,stage-0
23 error You can get information on how to open an issue for this project with:
23 error     npm bugs express-solidity
23 error Or if that isn't available, you can get their info via:
23 error     npm owner ls express-solidity
23 error There is likely additional logging output above.
24 verbose exit [ 1, true ]
